TN:
SF:/github/workspace/src/polyfills.ts
FNF:0
FNH:0
LF:0
LH:0
BRF:0
BRH:0
end_of_record
TN:
SF:/github/workspace/src/test.ts
FNF:0
FNH:0
DA:18,1
DA:23,1
DA:25,1
LF:3
LH:3
BRF:0
BRH:0
end_of_record
TN:
SF:/github/workspace/src/app/app.component.ts
FN:7,(anonymous_0)
FNF:1
FNH:1
FNDA:2,(anonymous_0)
DA:7,1
DA:8,2
LF:2
LH:2
BRF:0
BRH:0
end_of_record
TN:
SF:/github/workspace/src/app/filterimages.pipe.ts
FN:7,(anonymous_0)
FN:9,(anonymous_1)
FNF:2
FNH:2
FNDA:7,(anonymous_0)
FNDA:4,(anonymous_1)
DA:6,1
DA:8,7
DA:9,2
DA:10,4
LF:4
LH:4
BRDA:8,0,0,5
BRDA:8,0,1,2
BRF:2
BRH:2
end_of_record
TN:
SF:/github/workspace/src/app/image.service.ts
FN:5,(anonymous_0)
FN:9,(anonymous_1)
FN:10,(anonymous_2)
FNF:3
FNH:3
FNDA:1,(anonymous_0)
FNDA:2,(anonymous_1)
FNDA:6,(anonymous_2)
DA:3,1
DA:6,1
DA:10,6
DA:13,1
LF:4
LH:4
BRF:0
BRH:0
end_of_record
TN:
SF:/github/workspace/src/app/image-details/image-details.component.ts
FN:12,(anonymous_0)
FN:15,(anonymous_1)
FNF:2
FNH:2
FNDA:2,(anonymous_0)
FNDA:2,(anonymous_1)
DA:9,1
DA:12,2
DA:13,2
DA:16,2
LF:4
LH:4
BRF:0
BRH:0
end_of_record
TN:
SF:/github/workspace/src/app/image-gallery/image-gallery.component.ts
FN:15,(anonymous_0)
FN:18,(anonymous_1)
FNF:2
FNH:1
FNDA:5,(anonymous_0)
FNDA:0,(anonymous_1)
DA:10,1
DA:12,5
DA:13,5
DA:15,5
DA:16,5
DA:19,0
LF:6
LH:5
BRF:0
BRH:0
end_of_record
